# JRE version: Java(TM) SE Runtime Environment (8.0_111-b14) (build 1.8.0_111-b14)
# Java VM: Java HotSpot(TM) 64-Bit Server VM (25.111-b14 mixed mode bsd-amd64 compressed oops)
Heap:
 PSYoungGen      total 157184K, used 143114K [0x0000000715580000, 0x0000000721800000, 0x00000007c0000000)
  eden space 117248K, 94% used [0x0000000715580000,0x000000071c1dffc8,0x000000071c800000)
  from space 39936K, 80% used [0x000000071f100000,0x0000000721062890,0x0000000721800000)
  to   space 40960K, 0% used [0x000000071c800000,0x000000071c800000,0x000000071f000000)
 ParOldGen       total 154624K, used 101416K [0x00000005c0000000, 0x00000005c9700000, 0x0000000715580000)
  object space 154624K, 65% used [0x00000005c0000000,0x00000005c630a1e8,0x00000005c9700000)
 Metaspace       used 3175K, capacity 4736K, committed 4864K, reserved 1056768K
  class space    used 349K, capacity 428K, committed 512K, reserved 1048576K
GC Heap History (10 events):
Event: 9.131 GC heap before
{Heap before GC invocations=4 (full 1):
 PSYoungGen      total 38400K, used 33280K [0x0000000715580000, 0x000000071a080000, 0x00000007c0000000)
  eden space 33280K, 100% used [0x0000000715580000,0x0000000717600000,0x0000000717600000)
  from space 5120K, 0% used [0x0000000717b00000,0x0000000717b00000,0x0000000718000000)
  to   space 5120K, 0% used [0x0000000717600000,0x0000000717600000,0x0000000717b00000)
 ParOldGen       total 129536K, used 55434K [0x00000005c0000000, 0x00000005c7e80000, 0x0000000715580000)
  object space 129536K, 42% used [0x00000005c0000000,0x00000005c3622b70,0x00000005c7e80000)
 Metaspace       used 3166K, capacity 4736K, committed 4864K, reserved 1056768K
  class space    used 349K, capacity 428K, committed 512K, reserved 1048576K
Event: 9.180 GC heap after
Heap after GC invocations=4 (full 1):
 PSYoungGen      total 38400K, used 5098K [0x0000000715580000, 0x0000000719c80000, 0x00000007c0000000)
  eden space 33280K, 0% used [0x0000000715580000,0x0000000715580000,0x0000000717600000)
  from space 5120K, 99% used [0x0000000717600000,0x0000000717afaa78,0x0000000717b00000)
  to   space 5120K, 0% used [0x0000000719780000,0x0000000719780000,0x0000000719c80000)
 ParOldGen       total 129536K, used 87613K [0x00000005c0000000, 0x00000005c7e80000, 0x0000000715580000)
  object space 129536K, 67% used [0x00000005c0000000,0x00000005c558f5e8,0x00000005c7e80000)
 Metaspace       used 3166K, capacity 4736K, committed 4864K, reserved 1056768K
  class space    used 349K, capacity 428K, committed 512K, reserved 1048576K
}
Event: 729.818 GC heap before
{Heap before GC invocations=5 (full 1):
 PSYoungGen      total 38400K, used 38378K [0x0000000715580000, 0x0000000719c80000, 0x00000007c0000000)
  eden space 33280K, 100% used [0x0000000715580000,0x0000000717600000,0x0000000717600000)
  from space 5120K, 99% used [0x0000000717600000,0x0000000717afaa78,0x0000000717b00000)
  to   space 5120K, 0% used [0x0000000719780000,0x0000000719780000,0x0000000719c80000)
 ParOldGen       total 129536K, used 87613K [0x00000005c0000000, 0x00000005c7e80000, 0x0000000715580000)
  object space 129536K, 67% used [0x00000005c0000000,0x00000005c558f5e8,0x00000005c7e80000)
 Metaspace       used 3172K, capacity 4736K, committed 4864K, reserved 1056768K
  class space    used 349K, capacity 428K, committed 512K, reserved 1048576K
Event: 729.871 GC heap after
Heap after GC invocations=5 (full 1):
 PSYoungGen      total 66560K, used 5109K [0x0000000715580000, 0x0000000719c80000, 0x00000007c0000000)
  eden space 61440K, 0% used [0x0000000715580000,0x0000000715580000,0x0000000719180000)
  from space 5120K, 99% used [0x0000000719780000,0x0000000719c7d458,0x0000000719c80000)
  to   space 5120K, 0% used [0x0000000719280000,0x0000000719280000,0x0000000719780000)
 ParOldGen       total 129536K, used 103605K [0x00000005c0000000, 0x00000005c7e80000, 0x0000000715580000)
  object space 129536K, 79% used [0x00000005c0000000,0x00000005c652d5e8,0x00000005c7e80000)
 Metaspace       used 3172K, capacity 4736K, committed 4864K, reserved 1056768K
  class space    used 349K, capacity 428K, committed 512K, reserved 1048576K
}
Event: 729.871 GC heap before
{Heap before GC invocations=6 (full 2):
 PSYoungGen      total 66560K, used 5109K [0x0000000715580000, 0x0000000719c80000, 0x00000007c0000000)
  eden space 61440K, 0% used [0x0000000715580000,0x0000000715580000,0x0000000719180000)
  from space 5120K, 99% used [0x0000000719780000,0x0000000719c7d458,0x0000000719c80000)
  to   space 5120K, 0% used [0x0000000719280000,0x0000000719280000,0x0000000719780000)
 ParOldGen       total 129536K, used 103605K [0x00000005c0000000, 0x00000005c7e80000, 0x0000000715580000)
  object space 129536K, 79% used [0x00000005c0000000,0x00000005c652d5e8,0x00000005c7e80000)
 Metaspace       used 3172K, capacity 4736K, committed 4864K, reserved 1056768K
  class space    used 349K, capacity 428K, committed 512K, reserved 1048576K
Event: 730.124 GC heap after
Heap after GC invocations=6 (full 2):
 PSYoungGen      total 66560K, used 0K [0x0000000715580000, 0x0000000719c80000, 0x00000007c0000000)
  eden space 61440K, 0% used [0x0000000715580000,0x0000000715580000,0x0000000719180000)
  from space 5120K, 0% used [0x0000000719780000,0x0000000719780000,0x0000000719c80000)
  to   space 5120K, 0% used [0x0000000719280000,0x0000000719280000,0x0000000719780000)
 ParOldGen       total 154624K, used 74200K [0x00000005c0000000, 0x00000005c9700000, 0x0000000715580000)
  object space 154624K, 47% used [0x00000005c0000000,0x00000005c48761d8,0x00000005c9700000)
 Metaspace       used 3172K, capacity 4736K, committed 4864K, reserved 1056768K
  class space    used 349K, capacity 428K, committed 512K, reserved 1048576K
}
Event: 730.162 GC heap before
{Heap before GC invocations=7 (full 2):
 PSYoungGen      total 66560K, used 59951K [0x0000000715580000, 0x0000000719c80000, 0x00000007c0000000)
  eden space 61440K, 97% used [0x0000000715580000,0x000000071900bfd0,0x0000000719180000)
  from space 5120K, 0% used [0x0000000719780000,0x0000000719780000,0x0000000719c80000)
  to   space 5120K, 0% used [0x0000000719280000,0x0000000719280000,0x0000000719780000)
 ParOldGen       total 154624K, used 74200K [0x00000005c0000000, 0x00000005c9700000, 0x0000000715580000)
  object space 154624K, 47% used [0x00000005c0000000,0x00000005c48761d8,0x00000005c9700000)
 Metaspace       used 3172K, capacity 4736K, committed 4864K, reserved 1056768K
  class space    used 349K, capacity 428K, committed 512K, reserved 1048576K
Event: 730.193 GC heap after
Heap after GC invocations=7 (full 2):
 PSYoungGen      total 67584K, used 5088K [0x0000000715580000, 0x0000000721a80000, 0x00000007c0000000)
  eden space 62464K, 0% used [0x0000000715580000,0x0000000715580000,0x0000000719280000)
  from space 5120K, 99% used [0x0000000719280000,0x0000000719778010,0x0000000719780000)
  to   space 42496K, 0% used [0x000000071f100000,0x000000071f100000,0x0000000721a80000)
 ParOldGen       total 154624K, used 101416K [0x00000005c0000000, 0x00000005c9700000, 0x0000000715580000)
  object space 154624K, 65% used [0x00000005c0000000,0x00000005c630a1e8,0x00000005c9700000)
 Metaspace       used 3172K, capacity 4736K, committed 4864K, reserved 1056768K
  class space    used 349K, capacity 428K, committed 512K, reserved 1048576K
}
Event: 739.762 GC heap before
{Heap before GC invocations=8 (full 2):
 PSYoungGen      total 67584K, used 64077K [0x0000000715580000, 0x0000000721a80000, 0x00000007c0000000)
  eden space 62464K, 94% used [0x0000000715580000,0x0000000718f1b7b0,0x0000000719280000)
  from space 5120K, 99% used [0x0000000719280000,0x0000000719778010,0x0000000719780000)
  to   space 42496K, 0% used [0x000000071f100000,0x000000071f100000,0x0000000721a80000)
 ParOldGen       total 154624K, used 101416K [0x00000005c0000000, 0x00000005c9700000, 0x0000000715580000)
  object space 154624K, 65% used [0x00000005c0000000,0x00000005c630a1e8,0x00000005c9700000)
 Metaspace       used 3172K, capacity 4736K, committed 4864K, reserved 1056768K
  class space    used 349K, capacity 428K, committed 512K, reserved 1048576K
Event: 739.796 GC heap after
Heap after GC invocations=8 (full 2):
 PSYoungGen      total 157184K, used 32138K [0x0000000715580000, 0x0000000721800000, 0x00000007c0000000)
  eden space 117248K, 0% used [0x0000000715580000,0x0000000715580000,0x000000071c800000)
  from space 39936K, 80% used [0x000000071f100000,0x0000000721062890,0x0000000721800000)
  to   space 40960K, 0% used [0x000000071c800000,0x000000071c800000,0x000000071f000000)
 ParOldGen       total 154624K, used 101416K [0x00000005c0000000, 0x00000005c9700000, 0x0000000715580000)
  object space 154624K, 65% used [0x00000005c0000000,0x00000005c630a1e8,0x00000005c9700000)
 Metaspace       used 3172K, capacity 4736K, committed 4864K, reserved 1056768K
  class space    used 349K, capacity 428K, committed 512K, reserved 1048576K
}

