# JRE version: Java(TM) SE Runtime Environment (8.0_111-b14) (build 1.8.0_111-b14)
# Java VM: Java HotSpot(TM) 64-Bit Server VM (25.111-b14 mixed mode bsd-amd64 compressed oops)
Heap:
 PSYoungGen      total 162304K, used 53295K [0x0000000715580000, 0x000000072c980000, 0x00000007c0000000)
  eden space 118272K, 45% used [0x0000000715580000,0x000000071898bca0,0x000000071c900000)
  from space 44032K, 0% used [0x000000071c900000,0x000000071c900000,0x000000071f400000)
  to   space 77312K, 0% used [0x0000000727e00000,0x0000000727e00000,0x000000072c980000)
 ParOldGen       total 147968K, used 52942K [0x00000005c0000000, 0x00000005c9080000, 0x0000000715580000)
  object space 147968K, 35% used [0x00000005c0000000,0x00000005c33b3940,0x00000005c9080000)
 Metaspace       used 3175K, capacity 4736K, committed 4864K, reserved 1056768K
  class space    used 349K, capacity 428K, committed 512K, reserved 1048576K
GC Heap History (10 events):
Event: 797.065 GC heap before
{Heap before GC invocations=6 (full 2):
 PSYoungGen      total 66560K, used 5109K [0x0000000715580000, 0x0000000719c80000, 0x00000007c0000000)
  eden space 61440K, 0% used [0x0000000715580000,0x0000000715580000,0x0000000719180000)
  from space 5120K, 99% used [0x0000000719780000,0x0000000719c7d458,0x0000000719c80000)
  to   space 5120K, 0% used [0x0000000719280000,0x0000000719280000,0x0000000719780000)
 ParOldGen       total 129536K, used 101629K [0x00000005c0000000, 0x00000005c7e80000, 0x0000000715580000)
  object space 129536K, 78% used [0x00000005c0000000,0x00000005c633f5e8,0x00000005c7e80000)
 Metaspace       used 3173K, capacity 4736K, committed 4864K, reserved 1056768K
  class space    used 349K, capacity 428K, committed 512K, reserved 1048576K
Event: 797.316 GC heap after
Heap after GC invocations=6 (full 2):
 PSYoungGen      total 66560K, used 0K [0x0000000715580000, 0x0000000719c80000, 0x00000007c0000000)
  eden space 61440K, 0% used [0x0000000715580000,0x0000000715580000,0x0000000719180000)
  from space 5120K, 0% used [0x0000000719780000,0x0000000719780000,0x0000000719c80000)
  to   space 5120K, 0% used [0x0000000719280000,0x0000000719280000,0x0000000719780000)
 ParOldGen       total 153088K, used 72226K [0x00000005c0000000, 0x00000005c9580000, 0x0000000715580000)
  object space 153088K, 47% used [0x00000005c0000000,0x00000005c4688bd8,0x00000005c9580000)
 Metaspace       used 3173K, capacity 4736K, committed 4864K, reserved 1056768K
  class space    used 349K, capacity 428K, committed 512K, reserved 1048576K
}
Event: 797.351 GC heap before
{Heap before GC invocations=7 (full 2):
 PSYoungGen      total 66560K, used 61440K [0x0000000715580000, 0x0000000719c80000, 0x00000007c0000000)
  eden space 61440K, 100% used [0x0000000715580000,0x0000000719180000,0x0000000719180000)
  from space 5120K, 0% used [0x0000000719780000,0x0000000719780000,0x0000000719c80000)
  to   space 5120K, 0% used [0x0000000719280000,0x0000000719280000,0x0000000719780000)
 ParOldGen       total 153088K, used 72226K [0x00000005c0000000, 0x00000005c9580000, 0x0000000715580000)
  object space 153088K, 47% used [0x00000005c0000000,0x00000005c4688bd8,0x00000005c9580000)
 Metaspace       used 3173K, capacity 4736K, committed 4864K, reserved 1056768K
  class space    used 349K, capacity 428K, committed 512K, reserved 1048576K
Event: 797.371 GC heap after
Heap after GC invocations=7 (full 2):
 PSYoungGen      total 67584K, used 5088K [0x0000000715580000, 0x0000000722080000, 0x00000007c0000000)
  eden space 62464K, 0% used [0x0000000715580000,0x0000000715580000,0x0000000719280000)
  from space 5120K, 99% used [0x0000000719280000,0x0000000719778010,0x0000000719780000)
  to   space 45568K, 0% used [0x000000071f400000,0x000000071f400000,0x0000000722080000)
 ParOldGen       total 153088K, used 89506K [0x00000005c0000000, 0x00000005c9580000, 0x0000000715580000)
  object space 153088K, 58% used [0x00000005c0000000,0x00000005c5768bd8,0x00000005c9580000)
 Metaspace       used 3173K, capacity 4736K, committed 4864K, reserved 1056768K
  class space    used 349K, capacity 428K, committed 512K, reserved 1048576K
}
Event: 797.399 GC heap before
{Heap before GC invocations=8 (full 2):
 PSYoungGen      total 67584K, used 67552K [0x0000000715580000, 0x0000000722080000, 0x00000007c0000000)
  eden space 62464K, 100% used [0x0000000715580000,0x0000000719280000,0x0000000719280000)
  from space 5120K, 99% used [0x0000000719280000,0x0000000719778010,0x0000000719780000)
  to   space 45568K, 0% used [0x000000071f400000,0x000000071f400000,0x0000000722080000)
 ParOldGen       total 153088K, used 89506K [0x00000005c0000000, 0x00000005c9580000, 0x0000000715580000)
  object space 153088K, 58% used [0x00000005c0000000,0x00000005c5768bd8,0x00000005c9580000)
 Metaspace       used 3173K, capacity 4736K, committed 4864K, reserved 1056768K
  class space    used 349K, capacity 428K, committed 512K, reserved 1048576K
Event: 797.426 GC heap after
Heap after GC invocations=8 (full 2):
 PSYoungGen      total 163840K, used 27616K [0x0000000715580000, 0x0000000722180000, 0x00000007c0000000)
  eden space 118272K, 0% used [0x0000000715580000,0x0000000715580000,0x000000071c900000)
  from space 45568K, 60% used [0x000000071f400000,0x0000000720ef8010,0x0000000722080000)
  to   space 44032K, 0% used [0x000000071c900000,0x000000071c900000,0x000000071f400000)
 ParOldGen       total 153088K, used 89506K [0x00000005c0000000, 0x00000005c9580000, 0x0000000715580000)
  object space 153088K, 58% used [0x00000005c0000000,0x00000005c5768bd8,0x00000005c9580000)
 Metaspace       used 3173K, capacity 4736K, committed 4864K, reserved 1056768K
  class space    used 349K, capacity 428K, committed 512K, reserved 1048576K
}
Event: 818.187 GC heap before
{Heap before GC invocations=9 (full 2):
 PSYoungGen      total 163840K, used 145888K [0x0000000715580000, 0x0000000722180000, 0x00000007c0000000)
  eden space 118272K, 100% used [0x0000000715580000,0x000000071c900000,0x000000071c900000)
  from space 45568K, 60% used [0x000000071f400000,0x0000000720ef8010,0x0000000722080000)
  to   space 44032K, 0% used [0x000000071c900000,0x000000071c900000,0x000000071f400000)
 ParOldGen       total 153088K, used 89506K [0x00000005c0000000, 0x00000005c9580000, 0x0000000715580000)
  object space 153088K, 58% used [0x00000005c0000000,0x00000005c5768bd8,0x00000005c9580000)
 Metaspace       used 3173K, capacity 4736K, committed 4864K, reserved 1056768K
  class space    used 349K, capacity 428K, committed 512K, reserved 1048576K
Event: 818.297 GC heap after
Heap after GC invocations=9 (full 2):
 PSYoungGen      total 162304K, used 44005K [0x0000000715580000, 0x000000072c980000, 0x00000007c0000000)
  eden space 118272K, 0% used [0x0000000715580000,0x0000000715580000,0x000000071c900000)
  from space 44032K, 99% used [0x000000071c900000,0x000000071f3f9790,0x000000071f400000)
  to   space 77312K, 0% used [0x0000000727e00000,0x0000000727e00000,0x000000072c980000)
 ParOldGen       total 153088K, used 146250K [0x00000005c0000000, 0x00000005c9580000, 0x0000000715580000)
  object space 153088K, 95% used [0x00000005c0000000,0x00000005c8ed2bd8,0x00000005c9580000)
 Metaspace       used 3173K, capacity 4736K, committed 4864K, reserved 1056768K
  class space    used 349K, capacity 428K, committed 512K, reserved 1048576K
}
Event: 818.297 GC heap before
{Heap before GC invocations=10 (full 3):
 PSYoungGen      total 162304K, used 44005K [0x0000000715580000, 0x000000072c980000, 0x00000007c0000000)
  eden space 118272K, 0% used [0x0000000715580000,0x0000000715580000,0x000000071c900000)
  from space 44032K, 99% used [0x000000071c900000,0x000000071f3f9790,0x000000071f400000)
  to   space 77312K, 0% used [0x0000000727e00000,0x0000000727e00000,0x000000072c980000)
 ParOldGen       total 153088K, used 146250K [0x00000005c0000000, 0x00000005c9580000, 0x0000000715580000)
  object space 153088K, 95% used [0x00000005c0000000,0x00000005c8ed2bd8,0x00000005c9580000)
 Metaspace       used 3173K, capacity 4736K, committed 4864K, reserved 1056768K
  class space    used 349K, capacity 428K, committed 512K, reserved 1048576K
Event: 818.599 GC heap after
Heap after GC invocations=10 (full 3):
 PSYoungGen      total 162304K, used 0K [0x0000000715580000, 0x000000072c980000, 0x00000007c0000000)
  eden space 118272K, 0% used [0x0000000715580000,0x0000000715580000,0x000000071c900000)
  from space 44032K, 0% used [0x000000071c900000,0x000000071c900000,0x000000071f400000)
  to   space 77312K, 0% used [0x0000000727e00000,0x0000000727e00000,0x000000072c980000)
 ParOldGen       total 147968K, used 52942K [0x00000005c0000000, 0x00000005c9080000, 0x0000000715580000)
  object space 147968K, 35% used [0x00000005c0000000,0x00000005c33b3940,0x00000005c9080000)
 Metaspace       used 3173K, capacity 4736K, committed 4864K, reserved 1056768K
  class space    used 349K, capacity 428K, committed 512K, reserved 1048576K
}

